make --dry-run --always-make --keep-going --print-directory
make: Entering directory `/home/hongsh/build'
/usr/local/bin/cmake -S/home/hongsh -B/home/hongsh/build --check-build-system CMakeFiles/Makefile.cmake 0
/usr/local/bin/cmake -E cmake_progress_start /home/hongsh/build/CMakeFiles /home/hongsh/build/CMakeFiles/progress.marks
make -f CMakeFiles/Makefile2 all
 
make[1]: Entering directory `/home/hongsh/build'
make -f CMakeFiles/CMake_test.dir/build.make CMakeFiles/CMake_test.dir/depend
make[2]: Entering directory `/home/hongsh/build'
cd /home/hongsh/build && /usr/local/bin/cmake -E cmake_depends "Unix Makefiles" /home/hongsh /home/hongsh /home/hongsh/build /home/hongsh/build /home/hongsh/build/CMakeFiles/CMake_test.dir/DependInfo.cmake --color=
make[2]: Leaving directory `/home/hongsh/build'
make -f CMakeFiles/CMake_test.dir/build.make CMakeFiles/CMake_test.dir/build
 
make[2]: Entering directory `/home/hongsh/build'
/usr/local/bin/cmake -E cmake_echo_color --switch= --green --progress-dir=/home/hongsh/build/CMakeFiles --progress-num=1 "Building CXX object CMakeFiles/CMake_test.dir/main.cpp.o"
/bin/c++     -o CMakeFiles/CMake_test.dir/main.cpp.o -c /home/hongsh/build/main.cpp
/usr/local/bin/cmake -E cmake_echo_color --switch= --green --progress-dir=/home/hongsh/build/CMakeFiles --progress-num=2 "Building CXX object CMakeFiles/CMake_test.dir/foo.cpp.o"
/bin/c++     -o CMakeFiles/CMake_test.dir/foo.cpp.o -c /home/hongsh/build/foo.cpp
/usr/local/bin/cmake -E cmake_echo_color --switch= --green --progress-dir=/home/hongsh/build/CMakeFiles --progress-num=3 "Building CXX object CMakeFiles/CMake_test.dir/bar.cpp.o"
/bin/c++     -o CMakeFiles/CMake_test.dir/bar.cpp.o -c /home/hongsh/build/bar.cpp
/usr/local/bin/cmake -E cmake_echo_color --switch= --green --progress-dir=/home/hongsh/build/CMakeFiles --progress-num=4 "Building CXX object CMakeFiles/CMake_test.dir/char.cpp.o"
/bin/c++     -o CMakeFiles/CMake_test.dir/char.cpp.o -c /home/hongsh/build/char.cpp
/usr/local/bin/cmake -E cmake_echo_color --switch= --green --bold --progress-dir=/home/hongsh/build/CMakeFiles --progress-num=5 "Linking CXX executable CMake_test"
/usr/local/bin/cmake -E cmake_link_script CMakeFiles/CMake_test.dir/link.txt --verbose=
make[2]: Leaving directory `/home/hongsh/build'
/usr/local/bin/cmake -E cmake_echo_color --switch= --progress-dir=/home/hongsh/build/CMakeFiles --progress-num=1,2,3,4,5 "Built target CMake_test"
make[1]: Leaving directory `/home/hongsh/build'
/usr/local/bin/cmake -E cmake_progress_start /home/hongsh/build/CMakeFiles 0
make: Leaving directory `/home/hongsh/build'
 
