make all --print-data-base --no-builtin-variables --no-builtin-rules --question
# GNU Make 3.82
# Built for x86_64-redhat-linux-gnu
# Copyright (C) 2010  Free Software Foundation, Inc.
# License GPLv3+: GNU GPL version 3 or later <http://gnu.org/licenses/gpl.html>
# This is free software: you are free to change and redistribute it.
# There is NO WARRANTY, to the extent permitted by law.

# Make data base, printed on Tue Aug  2 09:25:56 2022

# Variables

# automatic
<D = $(patsubst %/,%,$(dir $<))
# automatic
?F = $(notdir $?)
# default
.SHELLFLAGS := -c
# environment
VSCODE_AGENT_FOLDER = /root/.vscode-server
# environment
VSCODE_LOG_NATIVE = false
# automatic
?D = $(patsubst %/,%,$(dir $?))
# automatic
@D = $(patsubst %/,%,$(dir $@))
# automatic
@F = $(notdir $@)
# default
MAKE_VERSION := 3.82
# makefile
CURDIR := /home/hongsh/build
# makefile (from `Makefile', line 39)
SHELL = /bin/sh
# makefile (from `Makefile', line 45)
RM = /usr/local/bin/cmake -E remove -f
# environment
VSCODE_NLS_CONFIG = {"locale":"ko","availableLanguages":{}}
# environment
_ = /usr/bin/make
# makefile (from `Makefile', line 54)
CMAKE_BINARY_DIR = /home/hongsh/build
# makefile (from `Makefile', line 1)
MAKEFILE_LIST :=  Makefile
# environment
HISTCONTROL = ignoredups
# environment
VSCODE_VERBOSE_LOGGING = true
# environment
LESSOPEN = ||/usr/bin/lesspipe.sh %s
# environment
VSCODE_CWD = /root
# environment
SSH_CONNECTION = 172.30.84.36 58577 172.30.85.135 22
# environment
PATH = /root/.vscode-server/bin/30d9c6cd9483b2cc586687151bcbcd635f373630/bin/remote-cli:/usr/local/sbin:/usr/local/bin:/usr/sbin:/usr/bin:/root/bin
# environment
XDG_RUNTIME_DIR = /run/user/0
# environment
VSCODE_LOG_STACK = false
# environment
SELINUX_USE_CURRENT_RANGE = 
# default
.FEATURES := target-specific order-only second-expansion else-if shortest-stem undefine oneshell archives jobserver check-symlink
# automatic
%F = $(notdir $%)
# environment
VSCODE_PIPE_LOGGING = true
# environment
PWD = /home/hongsh/build
# environment
VSCODE_IPC_HOOK_CLI = /run/user/0/vscode-ipc-8e1ab147-90e3-4036-8a1e-e9cc12a17c2c.sock
# automatic
*D = $(patsubst %/,%,$(dir $*))
# environment
VSCODE_AMD_ENTRYPOINT = vs/workbench/api/node/extensionHostProcess
# environment
HOME = /root
# environment
LOGNAME = root
# environment
APPLICATION_INSIGHTS_NO_DIAGNOSTIC_CHANNEL = true
# makefile (from `Makefile', line 48)
EQUALS = =
# automatic
+F = $(notdir $+)
# environment
SELINUX_LEVEL_REQUESTED = 
# environment
VSCODE_HANDLES_UNCAUGHT_ERRORS = true
# automatic
^D = $(patsubst %/,%,$(dir $^))
# environment
HOSTNAME = localhost.localdomain
# environment
MAKELEVEL := 0
# default
MAKE = $(MAKE_COMMAND)
# default
MAKECMDGOALS := all
# environment
SHLVL = 5
# environment
XDG_SESSION_ID = 205
# environment
USER = root
# makefile
.DEFAULT_GOAL := default_target
# makefile (from `Makefile', line 51)
CMAKE_SOURCE_DIR = /home/hongsh
# automatic
%D = $(patsubst %/,%,$(dir $%))
# default
MAKE_COMMAND := make
# default
.VARIABLES := 
# automatic
*F = $(notdir $*)
# makefile
MAKEFLAGS = sRrqp
# environment
MFLAGS = -sRrqp
# environment
SSH_CLIENT = 172.30.84.36 58577 22
# environment
MAIL = /var/spool/mail/root
# automatic
+D = $(patsubst %/,%,$(dir $+))
# environment
BROWSER = /root/.vscode-server/bin/30d9c6cd9483b2cc586687151bcbcd635f373630/bin/helpers/browser.sh
# environment
VSCODE_HANDLES_SIGPIPE = true
# default
MAKEFILES := 
# automatic
<F = $(notdir $<)
# environment
LC_ALL = C
# makefile (from `Makefile', line 42)
CMAKE_COMMAND = /usr/local/bin/cmake
# automatic
^F = $(notdir $^)
# environment
SELINUX_ROLE_REQUESTED = 
# makefile (from `Makefile', line 21)
SUFFIXES = 
# environment
HISTSIZE = 1000
# default
.INCLUDE_DIRS = /usr/include /usr/local/include /usr/include
# default
.RECIPEPREFIX := 
# environment
LANG = C
# environment
VSCODE_EXTHOST_WILL_SEND_SOCKET = true
# variable set hash-table stats:
# Load=72/1024=7%, Rehash=0, Collisions=8/103=8%

# Pattern-specific Variable Values

# No pattern-specific variable values.

# Directories

# . (device 64768, inode 11306921): 17 files, no impossibilities.

# 17 files, no impossibilities in 1 directories.

# Implicit Rules

%.hpux_make_needs_suffix_list:

# 1 implicit rules, 0 (0.0%) terminal.

# Files

char.cpp.i:
#  Phony target (prerequisite of .PHONY).
#  Implicit rule search has not been done.
#  File does not exist.
#  File has not been updated.
#  recipe to execute (from `Makefile', line 168):
	$(MAKE) -f CMakeFiles/CMake_test.dir/build.make CMakeFiles/CMake_test.dir/char.cpp.i

char.cpp.o:
#  Phony target (prerequisite of .PHONY).
#  Implicit rule search has not been done.
#  File does not exist.
#  File has not been updated.
#  recipe to execute (from `Makefile', line 159):
	$(MAKE) -f CMakeFiles/CMake_test.dir/build.make CMakeFiles/CMake_test.dir/char.cpp.o

cmake_force:
#  Phony target (prerequisite of .PHONY).
#  Implicit rule search has not been done.
#  File does not exist.
#  File has not been updated.

foo.cpp.s:
#  Phony target (prerequisite of .PHONY).
#  Implicit rule search has not been done.
#  File does not exist.
#  File has not been updated.
#  recipe to execute (from `Makefile', line 204):
	$(MAKE) -f CMakeFiles/CMake_test.dir/build.make CMakeFiles/CMake_test.dir/foo.cpp.s

bar.s: bar.cpp.s
#  Phony target (prerequisite of .PHONY).
#  Implicit rule search has not been done.
#  File does not exist.
#  File has not been updated.

edit_cache:
#  Phony target (prerequisite of .PHONY).
#  Implicit rule search has not been done.
#  File does not exist.
#  File has not been updated.
#  recipe to execute (from `Makefile', line 72):
	@$(CMAKE_COMMAND) -E cmake_echo_color --switch=$(COLOR) --cyan "No interactive CMake dialog available..."
	/usr/local/bin/cmake -E echo No\ interactive\ CMake\ dialog\ available.

foo.i: foo.cpp.i
#  Phony target (prerequisite of .PHONY).
#  Implicit rule search has not been done.
#  File does not exist.
#  File has not been updated.

all: cmake_check_build_system
#  Phony target (prerequisite of .PHONY).
#  Command line target.
#  Implicit rule search has not been done.
#  File does not exist.
#  File has been updated.
#  Needs to be updated (-q is set).
# variable set hash-table stats:
# Load=0/32=0%, Rehash=0, Collisions=0/6=0%
#  recipe to execute (from `Makefile', line 83):
	$(CMAKE_COMMAND) -E cmake_progress_start /home/hongsh/build/CMakeFiles /home/hongsh/build/CMakeFiles/progress.marks
	$(MAKE) -f CMakeFiles/Makefile2 all
	$(CMAKE_COMMAND) -E cmake_progress_start /home/hongsh/build/CMakeFiles 0

foo.o: foo.cpp.o
#  Phony target (prerequisite of .PHONY).
#  Implicit rule search has not been done.
#  File does not exist.
#  File has not been updated.

.PHONY: default_target cmake_force rebuild_cache rebuild_cache/fast edit_cache edit_cache/fast all clean clean/fast preinstall preinstall/fast depend CMake_test CMake_test/fast bar.o bar.cpp.o bar.i bar.cpp.i bar.s bar.cpp.s char.o char.cpp.o char.i char.cpp.i char.s char.cpp.s foo.o foo.cpp.o foo.i foo.cpp.i foo.s foo.cpp.s main.o main.cpp.o main.i main.cpp.i main.s main.cpp.s help cmake_check_build_system
#  Implicit rule search has not been done.
#  Modification time never checked.
#  File has not been updated.

main.s: main.cpp.s
#  Phony target (prerequisite of .PHONY).
#  Implicit rule search has not been done.
#  File does not exist.
#  File has not been updated.

preinstall/fast:
#  Phony target (prerequisite of .PHONY).
#  Implicit rule search has not been done.
#  File does not exist.
#  File has not been updated.
#  recipe to execute (from `Makefile', line 105):
	$(MAKE) -f CMakeFiles/Makefile2 preinstall

bar.cpp.i:
#  Phony target (prerequisite of .PHONY).
#  Implicit rule search has not been done.
#  File does not exist.
#  File has not been updated.
#  recipe to execute (from `Makefile', line 141):
	$(MAKE) -f CMakeFiles/CMake_test.dir/build.make CMakeFiles/CMake_test.dir/bar.cpp.i

bar.cpp.o:
#  Phony target (prerequisite of .PHONY).
#  Implicit rule search has not been done.
#  File does not exist.
#  File has not been updated.
 
#  recipe to execute (from `Makefile', line 132):
	$(MAKE) -f CMakeFiles/CMake_test.dir/build.make CMakeFiles/CMake_test.dir/bar.cpp.o

.SUFFIXES: .hpux_make_needs_suffix_list
#  Implicit rule search has not been done.
#  Modification time never checked.
#  File has not been updated.

# Not a target:
Makefile:
#  Implicit rule search has been done.
#  Last modified 2022-07-28 23:56:16.18
#  File has been updated.
#  Successfully updated.

CMake_test: cmake_check_build_system
#  Phony target (prerequisite of .PHONY).
#  Implicit rule search has not been done.
#  File does not exist.
#  File has not been updated.
#  recipe to execute (from `Makefile', line 118):
	$(MAKE) -f CMakeFiles/Makefile2 CMake_test

.NOTPARALLEL:
#  Implicit rule search has not been done.
#  Modification time never checked.
#  File has not been updated.

char.cpp.s:
#  Phony target (prerequisite of .PHONY).
#  Implicit rule search has not been done.
#  File does not exist.
#  File has not been updated.
#  recipe to execute (from `Makefile', line 177):
	$(MAKE) -f CMakeFiles/CMake_test.dir/build.make CMakeFiles/CMake_test.dir/char.cpp.s

clean/fast: clean
#  Phony target (prerequisite of .PHONY).
#  Implicit rule search has not been done.
#  File does not exist.
#  File has not been updated.

main.cpp.i:
#  Phony target (prerequisite of .PHONY).
#  Implicit rule search has not been done.
#  File does not exist.
#  File has not been updated.
#  recipe to execute (from `Makefile', line 222):
	$(MAKE) -f CMakeFiles/CMake_test.dir/build.make CMakeFiles/CMake_test.dir/main.cpp.i

main.cpp.o:
#  Phony target (prerequisite of .PHONY).
#  Implicit rule search has not been done.
#  File does not exist.
#  File has not been updated.
#  recipe to execute (from `Makefile', line 213):
	$(MAKE) -f CMakeFiles/CMake_test.dir/build.make CMakeFiles/CMake_test.dir/main.cpp.o

cmake_check_build_system:
#  Phony target (prerequisite of .PHONY).
#  Implicit rule search has not been done.
#  Implicit/static pattern stem: `'
#  File does not exist.
#  File has been updated.
#  Needs to be updated (-q is set).
# automatic
# @ := cmake_check_build_system
# automatic
# % := 
# automatic
# * := 
# automatic
# + := 
# automatic
# | := 
# automatic
# < := 
# automatic
# ^ := 
# automatic
# ? := 
# variable set hash-table stats:
# Load=8/32=25%, Rehash=0, Collisions=3/14=21%
#  recipe to execute (from `Makefile', line 266):
	$(CMAKE_COMMAND) -S$(CMAKE_SOURCE_DIR) -B$(CMAKE_BINARY_DIR) --check-build-system CMakeFiles/Makefile.cmake 0

char.i: char.cpp.i
#  Phony target (prerequisite of .PHONY).
#  Implicit rule search has not been done.
#  File does not exist.
#  File has not been updated.

char.o: char.cpp.o
#  Phony target (prerequisite of .PHONY).
#  Implicit rule search has not been done.
#  File does not exist.
#  File has not been updated.

help:
#  Phony target (prerequisite of .PHONY).
#  Implicit rule search has not been done.
#  File does not exist.
#  File has not been updated.
#  recipe to execute (from `Makefile', line 236):
	@echo "The following are some of the valid targets for this Makefile:"
	@echo "... all (the default if no target is provided)"
	@echo "... clean"
	@echo "... depend"
	@echo "... rebuild_cache"
	@echo "... edit_cache"
	@echo "... CMake_test"
	@echo "... bar.o"
	@echo "... bar.i"
	@echo "... bar.s"
	@echo "... char.o"
	@echo "... char.i"
	@echo "... char.s"
	@echo "... foo.o"
	@echo "... foo.i"
	@echo "... foo.s"
	@echo "... main.o"
	@echo "... main.i"
	@echo "... main.s"

foo.s: foo.cpp.s
#  Phony target (prerequisite of .PHONY).
#  Implicit rule search has not been done.
#  File does not exist.
#  File has not been updated.

preinstall: all
#  Phony target (prerequisite of .PHONY).
#  Implicit rule search has not been done.
#  File does not exist.
#  File has not been updated.
#  recipe to execute (from `Makefile', line 100):
	$(MAKE) -f CMakeFiles/Makefile2 preinstall

.SILENT:
#  Implicit rule search has not been done.
#  Modification time never checked.
#  File has not been updated.

depend:
#  Phony target (prerequisite of .PHONY).
#  Implicit rule search has not been done.
#  File does not exist.
#  File has not been updated.
#  recipe to execute (from `Makefile', line 110):
	$(CMAKE_COMMAND) -S$(CMAKE_SOURCE_DIR) -B$(CMAKE_BINARY_DIR) --check-build-system CMakeFiles/Makefile.cmake 1

# Not a target:
.DEFAULT:
#  Implicit rule search has not been done.
#  Modification time never checked.
#  File has not been updated.

default_target: all
#  Phony target (prerequisite of .PHONY).
#  Implicit rule search has not been done.
#  File does not exist.
#  File has not been updated.

bar.cpp.s:
#  Phony target (prerequisite of .PHONY).
#  Implicit rule search has not been done.
#  File does not exist.
#  File has not been updated.
#  recipe to execute (from `Makefile', line 150):
	$(MAKE) -f CMakeFiles/CMake_test.dir/build.make CMakeFiles/CMake_test.dir/bar.cpp.s

foo.cpp.i:
#  Phony target (prerequisite of .PHONY).
#  Implicit rule search has not been done.
#  File does not exist.
#  File has not been updated.
#  recipe to execute (from `Makefile', line 195):
	$(MAKE) -f CMakeFiles/CMake_test.dir/build.make CMakeFiles/CMake_test.dir/foo.cpp.i

bar.i: bar.cpp.i
#  Phony target (prerequisite of .PHONY).
#  Implicit rule search has not been done.
#  File does not exist.
#  File has not been updated.

foo.cpp.o:
#  Phony target (prerequisite of .PHONY).
#  Implicit rule search has not been done.
#  File does not exist.
#  File has not been updated.
#  recipe to execute (from `Makefile', line 186):
	$(MAKE) -f CMakeFiles/CMake_test.dir/build.make CMakeFiles/CMake_test.dir/foo.cpp.o

bar.o: bar.cpp.o
#  Phony target (prerequisite of .PHONY).
#  Implicit rule search has not been done.
#  File does not exist.
#  File has not been updated.

clean:
#  Phony target (prerequisite of .PHONY).
#  Implicit rule search has not been done.
#  File does not exist.
#  File has not been updated.
#  recipe to execute (from `Makefile', line 90):
	$(MAKE) -f CMakeFiles/Makefile2 clean

rebuild_cache/fast: rebuild_cache
#  Phony target (prerequisite of .PHONY).
#  Implicit rule search has not been done.
#  File does not exist.
#  File has not been updated.

edit_cache/fast: edit_cache
#  Phony target (prerequisite of .PHONY).
#  Implicit rule search has not been done.
#  File does not exist.
#  File has not been updated.

main.cpp.s:
#  Phony target (prerequisite of .PHONY).
#  Implicit rule search has not been done.
#  File does not exist.
#  File has not been updated.
#  recipe to execute (from `Makefile', line 231):
	$(MAKE) -f CMakeFiles/CMake_test.dir/build.make CMakeFiles/CMake_test.dir/main.cpp.s

char.s: char.cpp.s
#  Phony target (prerequisite of .PHONY).
#  Implicit rule search has not been done.
#  File does not exist.
#  File has not been updated.

main.i: main.cpp.i
#  Phony target (prerequisite of .PHONY).
#  Implicit rule search has not been done.
#  File does not exist.
#  File has not been updated.

main.o: main.cpp.o
#  Phony target (prerequisite of .PHONY).
#  Implicit rule search has not been done.
#  File does not exist.
#  File has not been updated.

# Not a target:
.hpux_make_needs_suffix_list:
#  Implicit rule search has not been done.
#  Modification time never checked.
#  File has not been updated.

CMake_test/fast:
#  Phony target (prerequisite of .PHONY).
#  Implicit rule search has not been done.
#  File does not exist.
#  File has not been updated.
#  recipe to execute (from `Makefile', line 123):
	$(MAKE) -f CMakeFiles/CMake_test.dir/build.make CMakeFiles/CMake_test.dir/build

rebuild_cache:
#  Phony target (prerequisite of .PHONY).
#  Implicit rule search has not been done.
#  File does not exist.
#  File has not been updated.
#  recipe to execute (from `Makefile', line 61):
	@$(CMAKE_COMMAND) -E cmake_echo_color --switch=$(COLOR) --cyan "Running CMake to regenerate build system..."
	/usr/local/bin/cmake -S$(CMAKE_SOURCE_DIR) -B$(CMAKE_BINARY_DIR)

# files hash-table stats:
# Load=47/1024=5%, Rehash=0, Collisions=4/173=2%
# VPATH Search Paths

# No `vpath' search paths.

# No general (`VPATH' variable) search path.

# # of strings in strcache: 0 / lookups = 256 / hits = 256
# # of strcache buffers: 1 (* 8176 B/buffer = 8176 B)
# strcache used: total = 0 (683) / max = 0 / min = 8176 / avg = 0
# strcache free: total = 0 (7493) / max = 0 / min = 8176 / avg = 0
 

# strcache hash-table stats:
# Load=65/8192=1%, Rehash=0, Collisions=5/256=2%
# Finished Make data base on Tue Aug  2 09:25:56 2022

 
